<?xml version="1.0" encoding="UTF-8"?>
<!-- Generated by org.testng.reporters.JUnitReportReporter -->
<testsuite skipped="0" hostname="Senas-Air" name="com.speak.tests.SpeakContactTest" tests="1" failures="0" timestamp="18 May 2020 22:05:42 GMT" time="4.179" errors="0">
  <testcase name="contactCourse" time="4.179" classname="com.speak.tests.SpeakContactTest"/>
</testsuite> <!-- com.speak.tests.SpeakContactTest -->
