<?xml version="1.0" encoding="UTF-8"?>
<!-- Generated by org.testng.reporters.JUnitReportReporter -->
<testsuite skipped="0" hostname="Senas-Air" name="com.speak.tests.SpeakCourseTest" tests="3" failures="0" timestamp="18 May 2020 21:19:57 GMT" time="6.485" errors="0">
  <testcase name="verifyCoursePageHeader" time="6.002" classname="com.speak.tests.SpeakCourseTest"/>
  <testcase name="listCourses" time="0.387" classname="com.speak.tests.SpeakCourseTest"/>
  <testcase name="verifyEnroll" time="0.096" classname="com.speak.tests.SpeakCourseTest"/>
</testsuite> <!-- com.speak.tests.SpeakCourseTest -->
